

Test Module  : Starting testing

"2015-08-13 09:51:41 "     Current run times:  1



















































































startAllPowerTime:  19.494 s
















resetAllPowerAmpTime:  19.42 s




Test Module  : End testing

======================================


Test Module  : Starting testing

"2015-08-13 09:52:26 "     Current run times:  2



















































































startAllPowerTime:  19.369 s
















resetAllPowerAmpTime:  19.45 s




Test Module  : End testing

======================================


Test Module  : Starting testing

"2015-08-13 09:53:11 "     Current run times:  3



















































































startAllPowerTime:  19.483 s
















resetAllPowerAmpTime:  19.514 s




Test Module  : End testing

======================================


Test Module  : Starting testing

"2015-08-13 09:53:57 "     Current run times:  4



















































































startAllPowerTime:  19.481 s
















resetAllPowerAmpTime:  19.546 s




Test Module  : End testing

======================================


Test Module  : Starting testing

"2015-08-13 09:54:42 "     Current run times:  5































channel 111 :Echo data less than 4.


Start single result 3 : false





















































startAllPowerTime:  19.497 s
















resetAllPowerAmpTime:  19.482 s




Test Module  : End testing

======================================


Test Module  : Starting testing

"2015-08-13 09:55:27 "     Current run times:  6



















































































startAllPowerTime:  19.467 s
















resetAllPowerAmpTime:  19.53 s




Test Module  : End testing

======================================


Test Module  : Starting testing

"2015-08-13 09:56:13 "     Current run times:  7



















































































startAllPowerTime:  19.532 s
















resetAllPowerAmpTime:  19.561 s




Test Module  : End testing

======================================


Test Module  : Starting testing

"2015-08-13 09:56:58 "     Current run times:  8



















































































startAllPowerTime:  19.56 s
















resetAllPowerAmpTime:  19.595 s




Test Module  : End testing

======================================


Test Module  : Starting testing

"2015-08-13 09:57:44 "     Current run times:  9







































































channel 11 :Echo data less than 4.


channel 13 :Echo data less than 4.


channel 13 :Echo data less than 4.














startAllPowerTime:  20.025 s
















resetAllPowerAmpTime:  19.562 s




Test Module  : End testing

======================================


Test Module  : Starting testing

"2015-08-13 09:58:29 "     Current run times:  10



















































































startAllPowerTime:  19.593 s
















resetAllPowerAmpTime:  19.595 s




Test Module  : End testing

======================================


Test Module  : Starting testing

"2015-08-13 09:59:15 "     Current run times:  11






























channel 112 :Echo data less than 4.


Start single result 2 : false






















































startAllPowerTime:  19.561 s




channel 15 :Echo data less than 4.


channel 15 :Echo data less than 4.


channel 15 :Echo data less than 4.














resetAllPowerAmpTime:  20.074 s




Test Module  : End testing

======================================


Test Module  : Starting testing

"2015-08-13 10:00:01 "     Current run times:  12



















































































startAllPowerTime:  19.61 s
















resetAllPowerAmpTime:  19.61 s




Test Module  : End testing

======================================


Test Module  : Starting testing

"2015-08-13 10:00:46 "     Current run times:  13





























channel 111 :Echo data less than 4.


Start single result 1 : false























































startAllPowerTime:  19.609 s
















resetAllPowerAmpTime:  19.577 s




Test Module  : End testing

======================================


Test Module  : Starting testing

"2015-08-13 10:01:32 "     Current run times:  14



















































































startAllPowerTime:  19.643 s
















resetAllPowerAmpTime:  19.672 s




Test Module  : End testing

======================================


Test Module  : Starting testing

"2015-08-13 10:02:18 "     Current run times:  15



















































































startAllPowerTime:  19.691 s
















resetAllPowerAmpTime:  19.691 s




Test Module  : End testing

======================================


Test Module  : Starting testing

"2015-08-13 10:03:03 "     Current run times:  16































channel 111 :Echo data less than 4.


Start single result 3 : false





















































startAllPowerTime:  19.625 s
















resetAllPowerAmpTime:  19.708 s




Test Module  : End testing

======================================


Test Module  : Starting testing

"2015-08-13 10:03:49 "     Current run times:  17



















































































startAllPowerTime:  19.739 s
















resetAllPowerAmpTime:  19.752 s




Test Module  : End testing

======================================


Test Module  : Starting testing

"2015-08-13 10:04:35 "     Current run times:  18



















































































startAllPowerTime:  19.737 s
















resetAllPowerAmpTime:  19.737 s




Test Module  : End testing

======================================


Test Module  : Starting testing

"2015-08-13 10:05:20 "     Current run times:  19



















































































startAllPowerTime:  19.817 s
















resetAllPowerAmpTime:  19.802 s




Test Module  : End testing

======================================


Test Module  : Starting testing

"2015-08-13 10:06:06 "     Current run times:  20



















































































startAllPowerTime:  19.785 s
















resetAllPowerAmpTime:  19.898 s




Test Module  : End testing

======================================


Test Module  : Starting testing

"2015-08-13 10:06:52 "     Current run times:  21



















































































startAllPowerTime:  19.801 s
















resetAllPowerAmpTime:  19.866 s




Test Module  : End testing

======================================


Test Module  : Starting testing

"2015-08-13 10:07:38 "     Current run times:  22



















































































startAllPowerTime:  19.722 s
















resetAllPowerAmpTime:  19.706 s




Test Module  : End testing

======================================


Test Module  : Starting testing

"2015-08-13 10:08:24 "     Current run times:  23



















































































startAllPowerTime:  19.658 s
















resetAllPowerAmpTime:  19.918 s




Test Module  : End testing

======================================


Test Module  : Starting testing

"2015-08-13 10:09:10 "     Current run times:  24



















































































startAllPowerTime:  19.722 s
















resetAllPowerAmpTime:  20.857 s




Test Module  : End testing

======================================


Test Module  : Starting testing

"2015-08-13 10:09:56 "     Current run times:  25

























































channel 44 :Echo data less than 4.


Reset single result 1 : false


channel 36 :Echo data less than 4.


Reset single result 2 : false


channel 105 :Echo data less than 4.


Reset single result 3 : false


channel 72 :Echo data less than 4.


Reset single result 4 : false


channel 74 :Echo data less than 4.


Reset single result 5 : false


channel 97 :Echo data less than 4.


Reset single result 6 : false


channel 60 :Echo data less than 4.


Reset single result 7 : false


channel 90 :Echo data less than 4.


Reset single result 8 : false


channel 111 :Echo data less than 4.


Reset single result 9 : false



channel 48 :Echo data less than 4.


Reset single result 11 : false









channel 48 :Echo data less than 4.






channel 74 :Echo data less than 4.


channel 74 :Echo data less than 4.


channel 105 :Echo data less than 4.


channel 105 :Echo data less than 4.


channel 105 :Echo data less than 4.






startAllPowerTime:  20.968 s
















resetAllPowerAmpTime:  20.056 s




Test Module  : End testing

======================================


Test Module  : Starting testing

"2015-08-13 10:10:44 "     Current run times:  26



















































































startAllPowerTime:  20.153 s




channel 2 :Echo data less than 4.


channel 2 :Echo data less than 4.


channel 2 :Echo data less than 4.














resetAllPowerAmpTime:  20.586 s




Test Module  : End testing

======================================


Test Module  : Starting testing

"2015-08-13 10:11:31 "     Current run times:  27



















































































startAllPowerTime:  20.153 s




channel 1 :Echo data less than 4.


channel 1 :Echo data less than 4.


channel 1 :Echo data less than 4.










channel 60 :Echo data less than 4.


channel 60 :Echo data less than 4.






resetAllPowerAmpTime:  20.792 s




Test Module  : End testing

======================================


Test Module  : Starting testing

"2015-08-13 10:12:18 "     Current run times:  28



















































































startAllPowerTime:  24.724 s
















resetAllPowerAmpTime:  20.073 s




Test Module  : End testing

======================================


Test Module  : Starting testing

"2015-08-13 10:13:11 "     Current run times:  29



















































































startAllPowerTime:  20.232 s




channel 1 :Echo data less than 4.


channel 1 :Echo data less than 4.










channel 79 :Echo data less than 4.


channel 79 :Echo data less than 4.






resetAllPowerAmpTime:  20.809 s




Test Module  : End testing

======================================


Test Module  : Starting testing

"2015-08-13 10:13:59 "     Current run times:  30



















































































startAllPowerTime:  20.137 s




channel 4 :Echo data less than 4.


channel 4 :Echo data less than 4.


channel 4 :Echo data less than 4.










channel 58 :Echo data less than 4.


channel 80 :Echo data less than 4.






channel 112 :Echo data less than 4.


channel 112 :Echo data less than 4.


resetAllPowerAmpTime:  20.713 s




Test Module  : End testing

======================================


Test Module  : Starting testing

"2015-08-13 10:14:46 "     Current run times:  31



















































































startAllPowerTime:  19.611 s
















resetAllPowerAmpTime:  19.722 s




Test Module  : End testing

======================================


Test Module  : Starting testing

"2015-08-13 10:15:31 "     Current run times:  32



















































































startAllPowerTime:  20.171 s




channel 1 :Echo data less than 4.


channel 1 :Echo data less than 4.


channel 1 :Echo data less than 4.


channel 15 :Echo data less than 4.


channel 15 :Echo data less than 4.


channel 15 :Echo data less than 4.






channel 38 :Echo data less than 4.


channel 38 :Echo data less than 4.






channel 98 :Echo data less than 4.


channel 98 :Echo data less than 4.






resetAllPowerAmpTime:  23.14 s




Test Module  : End testing

======================================


Test Module  : Starting testing

"2015-08-13 10:16:20 "     Current run times:  33



















































































startAllPowerTime:  21.871 s












channel 61 :Echo data less than 4.


channel 61 :Echo data less than 4.






resetAllPowerAmpTime:  22.308 s




Test Module  : End testing

======================================


Test Module  : Starting testing

"2015-08-13 10:17:11 "     Current run times:  34



















































































startAllPowerTime:  21.856 s
















resetAllPowerAmpTime:  21.918 s




Test Module  : End testing

======================================


Test Module  : Starting testing

"2015-08-13 10:18:01 "     Current run times:  35



















































































startAllPowerTime:  21.902 s












channel 79 :Echo data less than 4.


channel 79 :Echo data less than 4.






resetAllPowerAmpTime:  22.23 s




Test Module  : End testing

======================================


Test Module  : Starting testing

"2015-08-13 10:18:52 "     Current run times:  36



















































































startAllPowerTime:  21.933 s




channel 3 :Echo data less than 4.


channel 3 :Echo data less than 4.


channel 3 :Echo data less than 4.


channel 3 :Echo data less than 4.














Reset all result: false

resetAllPowerAmpTime:  22.418 s




Test Module  : End testing

======================================


Test Module  : Starting testing

"2015-08-13 10:19:43 "     Current run times:  37
















































channel 6 :Echo data less than 4.



channel 86 :Echo data less than 4.



channel 101 :Echo data less than 4.




channel 75 :Echo data less than 4.



channel 80 :Echo data less than 4.
































startAllPowerTime:  21.934 s
















resetAllPowerAmpTime:  21.949 s




Test Module  : End testing

======================================


Test Module  : Starting testing

"2015-08-13 10:20:34 "     Current run times:  38



















































































startAllPowerTime:  21.903 s
















resetAllPowerAmpTime:  21.949 s




Test Module  : End testing

======================================


Test Module  : Starting testing

"2015-08-13 10:21:24 "     Current run times:  39



















































































startAllPowerTime:  21.872 s
















resetAllPowerAmpTime:  21.902 s




Test Module  : End testing

======================================


Test Module  : Starting testing

"2015-08-13 10:22:15 "     Current run times:  40







































































channel 2 :Echo data less than 4.


channel 2 :Echo data less than 4.














startAllPowerTime:  22.277 s
















resetAllPowerAmpTime:  21.902 s




Test Module  : End testing

======================================


Test Module  : Starting testing

"2015-08-13 10:23:05 "     Current run times:  41



















































































startAllPowerTime:  21.903 s
















resetAllPowerAmpTime:  21.902 s




Test Module  : End testing

======================================


Test Module  : Starting testing

"2015-08-13 10:23:56 "     Current run times:  42



















































































startAllPowerTime:  21.918 s
















resetAllPowerAmpTime:  21.934 s




Test Module  : End testing

======================================


Test Module  : Starting testing

"2015-08-13 10:24:46 "     Current run times:  43



















































































startAllPowerTime:  21.933 s












channel 61 :Echo data less than 4.






resetAllPowerAmpTime:  22.09 s




Test Module  : End testing

======================================


Test Module  : Starting testing

"2015-08-13 10:25:37 "     Current run times:  44



















































































startAllPowerTime:  21.918 s
















resetAllPowerAmpTime:  21.934 s




Test Module  : End testing

======================================


Test Module  : Starting testing

"2015-08-13 10:26:27 "     Current run times:  45















































































channel 96 :Echo data less than 4.


channel 96 :Echo data less than 4.


channel 96 :Echo data less than 4.


channel 96 :Echo data less than 4.


channel 97 :Echo data less than 4.


channel 97 :Echo data less than 4.


channel 97 :Echo data less than 4.


channel 97 :Echo data less than 4.


channel 98 :Echo data less than 4.






Start all result: false

startAllPowerTime:  21625.9 s




channel 22 :Echo data less than 4.


channel 22 :Echo data less than 4.


channel 22 :Echo data less than 4.


channel 22 :Echo data less than 4.


channel 23 :Echo data less than 4.


channel 23 :Echo data less than 4.


channel 23 :Echo data less than 4.


channel 23 :Echo data less than 4.


channel 24 :Echo data less than 4.


channel 24 :Echo data less than 4.


channel 24 :Echo data less than 4.


channel 24 :Echo data less than 4.


channel 25 :Echo data less than 4.


channel 25 :Echo data less than 4.


channel 25 :Echo data less than 4.


channel 25 :Echo data less than 4.


channel 26 :Echo data less than 4.


channel 26 :Echo data less than 4.


channel 26 :Echo data less than 4.


channel 26 :Echo data less than 4.


channel 27 :Echo data less than 4.


channel 27 :Echo data less than 4.


channel 27 :Echo data less than 4.


channel 27 :Echo data less than 4.


channel 28 :Echo data less than 4.


channel 28 :Echo data less than 4.


channel 28 :Echo data less than 4.


channel 28 :Echo data less than 4.


channel 29 :Echo data less than 4.


channel 29 :Echo data less than 4.


channel 29 :Echo data less than 4.


channel 29 :Echo data less than 4.






channel 31 :Echo data less than 4.


channel 31 :Echo data less than 4.






channel 103 :Echo data less than 4.


channel 103 :Echo data less than 4.






Reset all result: false

resetAllPowerAmpTime:  407.544 s




Test Module  : End testing

======================================


Test Module  : Starting testing

"2015-08-13 16:33:47 "     Current run times:  46



















































































startAllPowerTime:  21.903 s












channel 60 :Echo data less than 4.


channel 60 :Echo data less than 4.






resetAllPowerAmpTime:  22.087 s




Test Module  : End testing

======================================


Test Module  : Starting testing

"2015-08-13 16:34:38 "     Current run times:  47







































































channel 2 :Echo data less than 4.














startAllPowerTime:  22.106 s
















resetAllPowerAmpTime:  21.933 s




Test Module  : End testing

======================================


Test Module  : Starting testing

"2015-08-13 16:35:28 "     Current run times:  48



















































































startAllPowerTime:  21.831 s











